#
# A fatal error has been detected by the Java Runtime Environment:
#
#  EXCEPTION_ACCESS_VIOLATION (0xc0000005) at pc=0x0000000074a80940, pid=8724, tid=0x0000000000002244
#
# JRE version: Java(TM) SE Runtime Environment (8.0_221-b11) (build 1.8.0_221-b11)
# Java VM: Java HotSpot(TM) 64-Bit Server VM (25.221-b11 mixed mode windows-amd64 compressed oops)
# Problematic frame:
# V  [jvm.dll+0xb0940]
#
# Failed to write core dump. Minidumps are not enabled by default on client versions of Windows
#
# If you would like to submit a bug report, please visit:
#   http://bugreport.java.com/bugreport/crash.jsp
#

---------------  T H R E A D  ---------------

Current thread (0x0000000002977800):  GCTaskThread [stack: 0x0000000011fe0000,0x00000000120e0000] [id=8772]

siginfo: ExceptionCode=0xc0000005, reading address 0x00000004a6c7eaa8

Registers:
RAX=0x0000000000000000, RBX=0x00000000fd54a4ee, RCX=0x00000000fd54a4ee, RDX=0x00000004a6c7eaa0
RSP=0x00000000120df578, RBP=0x0000000000000000, RSI=0x0000000013e45000, RDI=0x0000000023481340
R8 =0x0000000013e45000, R9 =0x0000000032f74dd7, R10=0x0000000000000003, R11=0x00000000120df5e0
R12=0x000000007502c9f8, R13=0xb518fd549418fd54, R14=0x0000000002977a00, R15=0x0000000002977af0
RIP=0x0000000074a80940, EFLAGS=0x0000000000010206

Top of Stack: (sp=0x00000000120df578)
0x00000000120df578:   0000000074dd4552 00000000fd148448
0x00000000120df588:   0000000000000003 0000402700004320
0x00000000120df598:   000040270000431e 0000000023481310
0x00000000120df5a8:   000040270000431f 0000402700004321
0x00000000120df5b8:   000040270000431e 0000000002977ae0
0x00000000120df5c8:   000000000296e0c0 000000007502c9f8
0x00000000120df5d8:   0000000074dd48c0 00000000e29113f0
0x00000000120df5e8:   0000000000000000 0000000000000000
0x00000000120df5f8:   0000000023481340 0000000013e45000
0x00000000120df608:   0000000074dd7be1 0000402700004321
0x00000000120df618:   0000000013e45000 0000000000000000
0x00000000120df628:   00000000ff3c44a9 0000000023481340
0x00000000120df638:   0000000000000000 0000000000000000
0x00000000120df648:   0000000074dc677e 0000000032f74dd7
0x00000000120df658:   0000000002977800 0000000000000000
0x00000000120df668:   00000000e29113f1 0000000002977800 

Instructions: (pc=0x0000000074a80940)
0x0000000074a80920:   ec de 1d 00 48 8b 9c 24 d0 00 00 00 48 81 c4 c0
0x0000000074a80930:   00 00 00 5d c3 cc cc cc cc cc cc cc cc cc cc cc
0x0000000074a80940:   44 8b 42 08 4c 8b ca 45 85 c0 7e 0e 41 f6 c0 01
0x0000000074a80950:   75 57 41 c1 f8 03 41 8b c0 c3 79 4d 80 3d de 5f 


Register to memory mapping:

RAX=0x0000000000000000 is an unknown value
RBX=0x00000000fd54a4ee is an unknown value
RCX=0x00000000fd54a4ee is an unknown value
RDX=0x00000004a6c7eaa0 is an unknown value
RSP=0x00000000120df578 is an unknown value
RBP=0x0000000000000000 is an unknown value
RSI=0x0000000013e45000 is an unknown value
RDI=0x0000000023481340 is an unknown value
R8 =0x0000000013e45000 is an unknown value
R9 =0x0000000032f74dd7 is an unknown value
R10=0x0000000000000003 is an unknown value
R11=0x00000000120df5e0 is an unknown value
R12=0x000000007502c9f8 is an unknown value
R13=0xb518fd549418fd54 is an unknown value
R14=0x0000000002977a00 is an unknown value
R15=0x0000000002977af0 is an unknown value


Stack: [0x0000000011fe0000,0x00000000120e0000],  sp=0x00000000120df578,  free space=1021k
Native frames: (J=compiled Java code, j=interpreted, Vv=VM code, C=native code)


---------------  P R O C E S S  ---------------

Java Threads: ( => current thread )
  0x00000000263db000 JavaThread "ForkJoinPool.commonPool-worker-1" daemon [_thread_blocked, id=5116, stack(0x000000002d1a0000,0x000000002d2a0000)]
  0x00000000263d6800 JavaThread "WorkerExecutor Queue Thread 7" [_thread_blocked, id=7456, stack(0x000000002bcd0000,0x000000002bdd0000)]
  0x00000000263d4000 JavaThread "stdout" [_thread_in_native, id=8308, stack(0x000000002bbd0000,0x000000002bcd0000)]
  0x00000000263d0800 JavaThread "stderr" [_thread_in_native, id=8880, stack(0x000000002bad0000,0x000000002bbd0000)]
  0x00000000263d1000 JavaThread "stdout" [_thread_in_native, id=5276, stack(0x000000002b9d0000,0x000000002bad0000)]
  0x00000000263cc800 JavaThread "stderr" [_thread_in_native, id=6624, stack(0x000000002b8d0000,0x000000002b9d0000)]
  0x00000000263cf800 JavaThread "stdout" [_thread_in_native, id=7308, stack(0x000000002b7d0000,0x000000002b8d0000)]
  0x00000000263d3800 JavaThread "stderr" [_thread_in_native, id=7340, stack(0x000000002b6d0000,0x000000002b7d0000)]
  0x00000000263cf000 JavaThread "stdout" [_thread_in_native, id=5496, stack(0x000000002b5d0000,0x000000002b6d0000)]
  0x00000000263ce000 JavaThread "stderr" [_thread_in_native, id=8268, stack(0x000000002b4d0000,0x000000002b5d0000)]
  0x00000000263d2800 JavaThread "pool-12-thread-1" [_thread_blocked, id=6424, stack(0x000000002b3d0000,0x000000002b4d0000)]
  0x00000000230d6800 JavaThread "RMI TCP Connection(idle)" daemon [_thread_blocked, id=9084, stack(0x000000002a300000,0x000000002a400000)]
  0x00000000230d6000 JavaThread "RMI Reaper" [_thread_blocked, id=6604, stack(0x000000002a200000,0x000000002a300000)]
  0x00000000230d3000 JavaThread "RMI TCP Accept-0" daemon [_thread_in_native, id=412, stack(0x000000002a100000,0x000000002a200000)]
  0x00000000230d5000 JavaThread "GC Daemon" daemon [_thread_blocked, id=8960, stack(0x000000002a000000,0x000000002a100000)]
  0x00000000230cd800 JavaThread "RMI Scheduler(0)" daemon [_thread_blocked, id=2488, stack(0x0000000029e00000,0x0000000029f00000)]
  0x00000000230d4800 JavaThread "WorkerExecutor Queue Thread 6" [_thread_blocked, id=7440, stack(0x0000000029b00000,0x0000000029c00000)]
  0x00000000230d2000 JavaThread "Cache worker for Java compile cache (C:\Users\dell\ReactNative\RNCLI\FundGuard\android\.gradle\5.5\javaCompile)" [_thread_blocked, id=3648, stack(0x0000000029900000,0x0000000029a00000)]
  0x00000000230d1800 JavaThread "Cache worker for Java compile cache (C:\Users\dell\.gradle\caches\5.5\javaCompile)" [_thread_blocked, id=6924, stack(0x0000000029800000,0x0000000029900000)]
  0x00000000230cc000 JavaThread "WorkerExecutor Queue Thread 3" [_thread_blocked, id=1232, stack(0x0000000029600000,0x0000000029700000)]
  0x00000000230c9000 JavaThread "WorkerExecutor Queue Thread 2" [_thread_blocked, id=7224, stack(0x0000000029500000,0x0000000029600000)]
  0x00000000230d0000 JavaThread "Cache worker for execution history cache (C:\Users\dell\ReactNative\RNCLI\FundGuard\android\.gradle\5.5\executionHistory)" [_thread_blocked, id=8980, stack(0x0000000029300000,0x0000000029400000)]
  0x00000000230cb800 JavaThread "Execution worker for ':' Thread 3" [_thread_blocked, id=5320, stack(0x0000000029200000,0x0000000029300000)]
  0x00000000230ce800 JavaThread "Execution worker for ':' Thread 2" [_thread_blocked, id=4432, stack(0x0000000029100000,0x0000000029200000)]
  0x00000000230cf000 JavaThread "Execution worker for ':'" [_thread_blocked, id=6676, stack(0x0000000029000000,0x0000000029100000)]
  0x0000000017205000 JavaThread "Cache worker for file content cache (C:\Users\dell\ReactNative\RNCLI\FundGuard\android\.gradle\5.5\fileContent)" [_thread_blocked, id=7416, stack(0x0000000028f00000,0x0000000029000000)]
  0x0000000017202800 JavaThread "Cache worker for Build Output Cleanup Cache (C:\Users\dell\ReactNative\RNCLI\FundGuard\android\.gradle\buildOutputCleanup)" [_thread_blocked, id=9076, stack(0x0000000028e00000,0x0000000028f00000)]
  0x00000000199b1000 JavaThread "pool-11-thread-1" [_thread_blocked, id=8600, stack(0x0000000028d00000,0x0000000028e00000)]
  0x00000000199b0000 JavaThread "Build operations Thread 4" [_thread_blocked, id=5200, stack(0x0000000028c00000,0x0000000028d00000)]
  0x00000000199af800 JavaThread "Build operations Thread 3" [_thread_blocked, id=9128, stack(0x0000000028b00000,0x0000000028c00000)]
  0x00000000199ae800 JavaThread "Build operations Thread 2" [_thread_blocked, id=7524, stack(0x0000000028a00000,0x0000000028b00000)]
  0x00000000199b1800 JavaThread "Build operations" [_thread_blocked, id=9116, stack(0x0000000028900000,0x0000000028a00000)]
  0x00000000199ae000 JavaThread "Cache worker for cache directory md-rule (C:\Users\dell\.gradle\caches\5.5\md-rule)" [_thread_blocked, id=1376, stack(0x0000000028800000,0x0000000028900000)]
  0x00000000199ad000 JavaThread "Cache worker for cache directory md-supplier (C:\Users\dell\.gradle\caches\5.5\md-supplier)" [_thread_blocked, id=7412, stack(0x0000000028700000,0x0000000028800000)]
  0x00000000199a5800 JavaThread "Cache worker for file hash cache (C:\Users\dell\ReactNative\RNCLI\FundGuard\android\.gradle\5.5\fileHashes)" [_thread_blocked, id=2948, stack(0x0000000028600000,0x0000000028700000)]
  0x00000000199ac800 JavaThread "Thread-62" [_thread_blocked, id=2348, stack(0x0000000028500000,0x0000000028600000)]
  0x00000000199a4800 JavaThread "Stdin handler" [_thread_blocked, id=9196, stack(0x0000000028400000,0x0000000028500000)]
  0x00000000199a6000 JavaThread "Asynchronous log dispatcher for DefaultDaemonConnection: socket connection from /127.0.0.1:50146 to /127.0.0.1:50269" [_thread_blocked, id=976, stack(0x0000000028300000,0x0000000028400000)]
  0x00000000199aa000 JavaThread "Daemon worker Thread 3" [_thread_blocked, id=4304, stack(0x0000000028200000,0x0000000028300000)]
  0x00000000199a9800 JavaThread "Cancel handler" [_thread_blocked, id=9168, stack(0x0000000028100000,0x0000000028200000)]
  0x00000000199a7000 JavaThread "Handler for socket connection from /127.0.0.1:50146 to /127.0.0.1:50269" [_thread_in_native, id=7160, stack(0x0000000028000000,0x0000000028100000)]
  0x00000000199a7800 JavaThread "Daemon Thread 3" [_thread_blocked, id=9156, stack(0x0000000026f30000,0x0000000027030000)]
  0x0000000017203800 JavaThread "Cache worker for file content cache (C:\Users\dell\.gradle\caches\5.5\fileContent)" [_thread_blocked, id=1660, stack(0x0000000026830000,0x0000000026930000)]
  0x00000000199a3000 JavaThread "Memory manager" [_thread_blocked, id=7172, stack(0x00000000216e0000,0x00000000217e0000)]
  0x00000000171ff000 JavaThread "Cache worker for execution history cache (C:\Users\dell\.gradle\caches\5.5\executionHistory)" [_thread_blocked, id=9032, stack(0x000000001e3c0000,0x000000001e4c0000)]
  0x0000000017202000 JavaThread "Cache worker for journal cache (C:\Users\dell\.gradle\caches\journal-1)" [_thread_blocked, id=8896, stack(0x0000000018fb0000,0x00000000190b0000)]
  0x00000000171ff800 JavaThread "File lock request listener" [_thread_in_native, id=8888, stack(0x0000000018eb0000,0x0000000018fb0000)]
  0x0000000017204000 JavaThread "Cache worker for file hash cache (C:\Users\dell\.gradle\caches\5.5\fileHashes)" [_thread_blocked, id=8884, stack(0x0000000018bb0000,0x0000000018cb0000)]
  0x0000000017132800 JavaThread "Daemon periodic checks" [_thread_blocked, id=8844, stack(0x00000000181b0000,0x00000000182b0000)]
  0x000000001712d800 JavaThread "Incoming local TCP Connector on port 50146" [_thread_in_native, id=8840, stack(0x0000000017cd0000,0x0000000017dd0000)]
  0x0000000016f63800 JavaThread "Daemon health stats" [_thread_blocked, id=8836, stack(0x0000000017690000,0x0000000017790000)]
  0x00000000157cf800 JavaThread "Service Thread" daemon [_thread_blocked, id=8824, stack(0x0000000015cc0000,0x0000000015dc0000)]
  0x00000000157c2000 JavaThread "C1 CompilerThread2" daemon [_thread_blocked, id=8820, stack(0x0000000015bc0000,0x0000000015cc0000)]
  0x0000000013e83800 JavaThread "C2 CompilerThread1" daemon [_thread_blocked, id=8816, stack(0x00000000156c0000,0x00000000157c0000)]
  0x0000000013e7e800 JavaThread "C2 CompilerThread0" daemon [_thread_in_native, id=8812, stack(0x00000000155c0000,0x00000000156c0000)]
  0x0000000013e7d000 JavaThread "Attach Listener" daemon [_thread_blocked, id=8808, stack(0x00000000154c0000,0x00000000155c0000)]
  0x0000000013e7b800 JavaThread "Signal Dispatcher" daemon [_thread_blocked, id=8804, stack(0x00000000153c0000,0x00000000154c0000)]
  0x0000000002a5a800 JavaThread "Finalizer" daemon [_thread_blocked, id=8796, stack(0x00000000150d0000,0x00000000151d0000)]
  0x0000000013e6a000 JavaThread "Reference Handler" daemon [_thread_blocked, id=8792, stack(0x0000000014fd0000,0x00000000150d0000)]
  0x000000000280d800 JavaThread "main" [_thread_blocked, id=8764, stack(0x00000000026f0000,0x00000000027f0000)]

Other Threads:
  0x0000000013e48000 VMThread [stack: 0x0000000014ed0000,0x0000000014fd0000] [id=8788]
  0x00000000157c4000 WatcherThread [stack: 0x0000000015dc0000,0x0000000015ec0000] [id=8828]

=>0x0000000002977800 (exited) GCTaskThread [stack: 0x0000000011fe0000,0x00000000120e0000] [id=8772]

VM state:at safepoint (normal execution)

VM Mutex/Monitor currently owned by a thread:  ([mutex/lock_event])
[0x000000000280d3e0] Threads_lock - owner thread: 0x0000000013e48000
[0x00000000029608d0] Heap_lock - owner thread: 0x00000000199aa000

heap address: 0x00000000e0000000, size: 512 MB, Compressed Oops mode: 32-bit
Narrow klass base: 0x0000000000000000, Narrow klass shift: 3
Compressed class space size: 1073741824 Address: 0x0000000100000000

Heap:
 PSYoungGen      total 153600K, used 132608K [0x00000000f5580000, 0x0000000100000000, 0x0000000100000000)
  eden space 132608K, 100% used [0x00000000f5580000,0x00000000fd700000,0x00000000fd700000)
  from space 20992K, 0% used [0x00000000fd700000,0x00000000fd700000,0x00000000feb80000)
  to   space 19968K, 37% used [0x00000000fec80000,0x00000000ff3c55e8,0x0000000100000000)
 ParOldGen       total 349696K, used 180233K [0x00000000e0000000, 0x00000000f5580000, 0x00000000f5580000)
  object space 349696K, 51% used [0x00000000e0000000,0x00000000eb002738,0x00000000f5580000)
 Metaspace       used 127775K, capacity 134454K, committed 140800K, reserved 1171456K
  class space    used 16363K, capacity 17691K, committed 18944K, reserved 1048576K

Card table byte_map: [0x0000000011e20000,0x0000000011f30000] byte_map_base: 0x0000000011720000

Marking Bits: (ParMarkBitMap*) 0x00000000751f5ce0
 Begin Bits: [0x00000000123e0000, 0x0000000012be0000)
 End Bits:   [0x0000000012be0000, 0x00000000133e0000)

Polling page: 0x0000000000ea0000

CodeCache: size=245760Kb used=80804Kb max_used=83001Kb free=164955Kb
 bounds [0x0000000002a60000, 0x0000000007cb0000, 0x0000000011a60000]
 total_blobs=23730 nmethods=22781 adapters=858
 compilation: enabled

Compilation events (10 events):
Event: 705.876 Thread 0x00000000157c2000 29251       2       com.android.tools.r8.n.a.a.a.g.b1::g (151 bytes)
Event: 705.877 Thread 0x00000000157c2000 nmethod 29251 0x00000000054d0f10 code [0x00000000054d10e0, 0x00000000054d1568]
Event: 705.887 Thread 0x00000000157c2000 29252       2       com.android.tools.r8.t.a.a.G.b::a (690 bytes)
Event: 705.892 Thread 0x00000000157c2000 nmethod 29252 0x0000000006c726d0 code [0x0000000006c72ae0, 0x0000000006c74a28]
Event: 705.896 Thread 0x00000000157c2000 29253       2       com.android.tools.r8.ir.optimize.CodeRewriter::e (259 bytes)
Event: 705.898 Thread 0x00000000157c2000 nmethod 29253 0x0000000003fa2cd0 code [0x0000000003fa3060, 0x0000000003fa3f78]
Event: 705.898 Thread 0x00000000157c2000 29254       2       com.android.tools.r8.graph.DexItemFactory$$Lambda$1078/1000296356::apply (15 bytes)
Event: 705.899 Thread 0x00000000157c2000 nmethod 29254 0x00000000069ddcd0 code [0x00000000069dde20, 0x00000000069ddff0]
Event: 705.899 Thread 0x00000000157c2000 29255       2       com.android.tools.r8.graph.DexDebugEvent$c::<init> (10 bytes)
Event: 705.899 Thread 0x00000000157c2000 nmethod 29255 0x0000000002d39e50 code [0x0000000002d39fa0, 0x0000000002d3a0f0]

GC Heap History (10 events):
Event: 702.628 GC heap after
Heap after GC invocations=68 (full 4):
 PSYoungGen      total 158208K, used 2955K [0x00000000f5580000, 0x00000000fff80000, 0x0000000100000000)
  eden space 142336K, 0% used [0x00000000f5580000,0x00000000f5580000,0x00000000fe080000)
  from space 15872K, 18% used [0x00000000ff000000,0x00000000ff2e2fc8,0x00000000fff80000)
  to   space 15872K, 0% used [0x00000000fe080000,0x00000000fe080000,0x00000000ff000000)
 ParOldGen       total 349696K, used 314493K [0x00000000e0000000, 0x00000000f5580000, 0x00000000f5580000)
  object space 349696K, 89% used [0x00000000e0000000,0x00000000f331f5e8,0x00000000f5580000)
 Metaspace       used 131854K, capacity 140571K, committed 140800K, reserved 1171456K
  class space    used 17119K, capacity 18931K, committed 18944K, reserved 1048576K
}
Event: 703.332 GC heap before
{Heap before GC invocations=69 (full 4):
 PSYoungGen      total 158208K, used 145291K [0x00000000f5580000, 0x00000000fff80000, 0x0000000100000000)
  eden space 142336K, 100% used [0x00000000f5580000,0x00000000fe080000,0x00000000fe080000)
  from space 15872K, 18% used [0x00000000ff000000,0x00000000ff2e2fc8,0x00000000fff80000)
  to   space 15872K, 0% used [0x00000000fe080000,0x00000000fe080000,0x00000000ff000000)
 ParOldGen       total 349696K, used 317000K [0x00000000e0000000, 0x00000000f5580000, 0x00000000f5580000)
  object space 349696K, 90% used [0x00000000e0000000,0x00000000f35920f0,0x00000000f5580000)
 Metaspace       used 131858K, capacity 140571K, committed 140800K, reserved 1171456K
  class space    used 17119K, capacity 18931K, committed 18944K, reserved 1048576K
Event: 703.351 GC heap after
Heap after GC invocations=69 (full 4):
 PSYoungGen      total 158208K, used 8027K [0x00000000f5580000, 0x00000000fff00000, 0x0000000100000000)
  eden space 142336K, 0% used [0x00000000f5580000,0x00000000f5580000,0x00000000fe080000)
  from space 15872K, 50% used [0x00000000fe080000,0x00000000fe856ca8,0x00000000ff000000)
  to   space 15360K, 0% used [0x00000000ff000000,0x00000000ff000000,0x00000000fff00000)
 ParOldGen       total 349696K, used 319015K [0x00000000e0000000, 0x00000000f5580000, 0x00000000f5580000)
  object space 349696K, 91% used [0x00000000e0000000,0x00000000f3789d00,0x00000000f5580000)
 Metaspace       used 131858K, capacity 140571K, committed 140800K, reserved 1171456K
  class space    used 17119K, capacity 18931K, committed 18944K, reserved 1048576K
}
Event: 703.752 GC heap before
{Heap before GC invocations=70 (full 4):
 PSYoungGen      total 158208K, used 150363K [0x00000000f5580000, 0x00000000fff00000, 0x0000000100000000)
  eden space 142336K, 100% used [0x00000000f5580000,0x00000000fe080000,0x00000000fe080000)
  from space 15872K, 50% used [0x00000000fe080000,0x00000000fe856ca8,0x00000000ff000000)
  to   space 15360K, 0% used [0x00000000ff000000,0x00000000ff000000,0x00000000fff00000)
 ParOldGen       total 349696K, used 319016K [0x00000000e0000000, 0x00000000f5580000, 0x00000000f5580000)
  object space 349696K, 91% used [0x00000000e0000000,0x00000000f378a370,0x00000000f5580000)
 Metaspace       used 131882K, capacity 140571K, committed 140800K, reserved 1171456K
  class space    used 17121K, capacity 18931K, committed 18944K, reserved 1048576K
Event: 703.790 GC heap after
Heap after GC invocations=70 (full 4):
 PSYoungGen      total 147968K, used 15337K [0x00000000f5580000, 0x0000000100000000, 0x0000000100000000)
  eden space 132608K, 0% used [0x00000000f5580000,0x00000000f5580000,0x00000000fd700000)
  from space 15360K, 99% used [0x00000000ff000000,0x00000000ffefa4b8,0x00000000fff00000)
  to   space 20992K, 0% used [0x00000000fd700000,0x00000000fd700000,0x00000000feb80000)
 ParOldGen       total 349696K, used 327686K [0x00000000e0000000, 0x00000000f5580000, 0x00000000f5580000)
  object space 349696K, 93% used [0x00000000e0000000,0x00000000f4001bf8,0x00000000f5580000)
 Metaspace       used 131882K, capacity 140571K, committed 140800K, reserved 1171456K
  class space    used 17121K, capacity 18931K, committed 18944K, reserved 1048576K
}
Event: 704.226 GC heap before
{Heap before GC invocations=71 (full 4):
 PSYoungGen      total 147968K, used 147945K [0x00000000f5580000, 0x0000000100000000, 0x0000000100000000)
  eden space 132608K, 100% used [0x00000000f5580000,0x00000000fd700000,0x00000000fd700000)
  from space 15360K, 99% used [0x00000000ff000000,0x00000000ffefa4b8,0x00000000fff00000)
  to   space 20992K, 0% used [0x00000000fd700000,0x00000000fd700000,0x00000000feb80000)
 ParOldGen       total 349696K, used 327686K [0x00000000e0000000, 0x00000000f5580000, 0x00000000f5580000)
  object space 349696K, 93% used [0x00000000e0000000,0x00000000f4001bf8,0x00000000f5580000)
 Metaspace       used 131902K, capacity 140639K, committed 140800K, reserved 1171456K
  class space    used 17123K, capacity 18931K, committed 18944K, reserved 1048576K
Event: 704.267 GC heap after
Heap after GC invocations=71 (full 4):
 PSYoungGen      total 153600K, used 5162K [0x00000000f5580000, 0x0000000100000000, 0x0000000100000000)
  eden space 132608K, 0% used [0x00000000f5580000,0x00000000f5580000,0x00000000fd700000)
  from space 20992K, 24% used [0x00000000fd700000,0x00000000fdc0abe8,0x00000000feb80000)
  to   space 19968K, 0% used [0x00000000fec80000,0x00000000fec80000,0x0000000100000000)
 ParOldGen       total 349696K, used 342789K [0x00000000e0000000, 0x00000000f5580000, 0x00000000f5580000)
  object space 349696K, 98% used [0x00000000e0000000,0x00000000f4ec16c8,0x00000000f5580000)
 Metaspace       used 131902K, capacity 140639K, committed 140800K, reserved 1171456K
  class space    used 17123K, capacity 18931K, committed 18944K, reserved 1048576K
}
Event: 704.267 GC heap before
{Heap before GC invocations=72 (full 5):
 PSYoungGen      total 153600K, used 5162K [0x00000000f5580000, 0x0000000100000000, 0x0000000100000000)
  eden space 132608K, 0% used [0x00000000f5580000,0x00000000f5580000,0x00000000fd700000)
  from space 20992K, 24% used [0x00000000fd700000,0x00000000fdc0abe8,0x00000000feb80000)
  to   space 19968K, 0% used [0x00000000fec80000,0x00000000fec80000,0x0000000100000000)
 ParOldGen       total 349696K, used 342789K [0x00000000e0000000, 0x00000000f5580000, 0x00000000f5580000)
  object space 349696K, 98% used [0x00000000e0000000,0x00000000f4ec16c8,0x00000000f5580000)
 Metaspace       used 131902K, capacity 140639K, committed 140800K, reserved 1171456K
  class space    used 17123K, capacity 18931K, committed 18944K, reserved 1048576K
Event: 705.333 GC heap after
Heap after GC invocations=72 (full 5):
 PSYoungGen      total 153600K, used 0K [0x00000000f5580000, 0x0000000100000000, 0x0000000100000000)
  eden space 132608K, 0% used [0x00000000f5580000,0x00000000f5580000,0x00000000fd700000)
  from space 20992K, 0% used [0x00000000fd700000,0x00000000fd700000,0x00000000feb80000)
  to   space 19968K, 0% used [0x00000000fec80000,0x00000000fec80000,0x0000000100000000)
 ParOldGen       total 349696K, used 180225K [0x00000000e0000000, 0x00000000f5580000, 0x00000000f5580000)
  object space 349696K, 51% used [0x00000000e0000000,0x00000000eb000738,0x00000000f5580000)
 Metaspace       used 127755K, capacity 134444K, committed 140800K, reserved 1171456K
  class space    used 16362K, capacity 17690K, committed 18944K, reserved 1048576K
}
Event: 705.916 GC heap before
{Heap before GC invocations=73 (full 5):
 PSYoungGen      total 153600K, used 132608K [0x00000000f5580000, 0x0000000100000000, 0x0000000100000000)
  eden space 132608K, 100% used [0x00000000f5580000,0x00000000fd700000,0x00000000fd700000)
  from space 20992K, 0% used [0x00000000fd700000,0x00000000fd700000,0x00000000feb80000)
  to   space 19968K, 0% used [0x00000000fec80000,0x00000000fec80000,0x0000000100000000)
 ParOldGen       total 349696K, used 180225K [0x00000000e0000000, 0x00000000f5580000, 0x00000000f5580000)
  object space 349696K, 51% used [0x00000000e0000000,0x00000000eb000738,0x00000000f5580000)
 Metaspace       used 127775K, capacity 134454K, committed 140800K, reserved 1171456K
  class space    used 16363K, capacity 17691K, committed 18944K, reserved 1048576K

Deoptimization events (10 events):
Event: 703.732 Thread 0x00000000230cf000 Uncommon trap: reason=unstable_if action=reinterpret pc=0x0000000007b191a0 method=com.android.tools.r8.ir.conversion.X.c(I)Lcom/android/tools/r8/graph/DebugLocalInfo; @ 51
Event: 703.733 Thread 0x00000000230cf000 Uncommon trap: reason=class_check action=maybe_recompile pc=0x0000000007ade718 method=com.android.tools.r8.ir.optimize.g.a(Lcom/android/tools/r8/ir/code/IRCode;)V @ 218
Event: 703.854 Thread 0x00000000230cf000 Uncommon trap: reason=class_check action=maybe_recompile pc=0x0000000007ade718 method=com.android.tools.r8.ir.optimize.g.a(Lcom/android/tools/r8/ir/code/IRCode;)V @ 218
Event: 703.857 Thread 0x00000000230cf000 Uncommon trap: reason=class_check action=maybe_recompile pc=0x0000000007ade718 method=com.android.tools.r8.ir.optimize.g.a(Lcom/android/tools/r8/ir/code/IRCode;)V @ 218
Event: 704.050 Thread 0x00000000230cb800 Uncommon trap: reason=unstable_if action=reinterpret pc=0x00000000078a7868 method=com.android.tools.r8.graph.y.a(ILjava/lang/String;Ljava/lang/String;Ljava/lang/String;[Ljava/lang/String;)Lcom/android/tools/r8/t/a/a/u; @ 37
Event: 704.166 Thread 0x00000000230ce800 Uncommon trap: reason=array_check action=maybe_recompile pc=0x0000000007b429b0 method=java.util.TimSort.mergeLo(IIII)V @ 590
Event: 705.410 Thread 0x00000000199aa000 Uncommon trap: reason=array_check action=maybe_recompile pc=0x0000000005d098f0 method=java.util.TimSort.mergeLo(IIII)V @ 375
Event: 705.449 Thread 0x00000000230cb800 Uncommon trap: reason=bimorphic action=maybe_recompile pc=0x00000000079d8ff4 method=com.android.tools.r8.ir.optimize.P.a()V @ 335
Event: 705.581 Thread 0x00000000230cb800 Uncommon trap: reason=unstable_if action=reinterpret pc=0x0000000007bde0f0 method=com.android.tools.r8.ir.regalloc.LinearScanRegisterAllocator.a(Lcom/android/tools/r8/ir/regalloc/LinearScanRegisterAllocator$a;Z)Lcom/android/tools/r8/ir/regalloc/LinearScan
Event: 705.893 Thread 0x00000000230cb800 Uncommon trap: reason=unstable_if action=reinterpret pc=0x0000000007b35454 method=com.android.tools.r8.ir.optimize.CodeRewriter.e(Lcom/android/tools/r8/ir/code/Instruction;)Z @ 27

Classes redefined (0 events):
No events

Internal exceptions (10 events):
Event: 701.643 Thread 0x00000000230ce800 Exception <a 'sun/nio/fs/WindowsException'> (0x00000000f8a9a7a0) thrown at [C:\re\workspace\8-2-build-windows-amd64-cygwin\jdk8u221\13320\hotspot\src\share\vm\prims\jni.cpp, line 710]
Event: 701.772 Thread 0x00000000230ce800 Exception <a 'sun/nio/fs/WindowsException'> (0x00000000fa90f598) thrown at [C:\re\workspace\8-2-build-windows-amd64-cygwin\jdk8u221\13320\hotspot\src\share\vm\prims\jni.cpp, line 710]
Event: 702.469 Thread 0x00000000230cf000 Exception <a 'sun/nio/fs/WindowsException'> (0x00000000fca8d828) thrown at [C:\re\workspace\8-2-build-windows-amd64-cygwin\jdk8u221\13320\hotspot\src\share\vm\prims\jni.cpp, line 710]
Event: 703.449 Thread 0x00000000230cf000 Exception <a 'sun/nio/fs/WindowsException'> (0x00000000f70110c0) thrown at [C:\re\workspace\8-2-build-windows-amd64-cygwin\jdk8u221\13320\hotspot\src\share\vm\prims\jni.cpp, line 710]
Event: 703.619 Thread 0x00000000199aa000 Exception <a 'sun/nio/fs/WindowsException'> (0x00000000faea51e0) thrown at [C:\re\workspace\8-2-build-windows-amd64-cygwin\jdk8u221\13320\hotspot\src\share\vm\prims\jni.cpp, line 710]
Event: 705.368 Thread 0x00000000230ce800 Exception <a 'sun/nio/fs/WindowsException'> (0x00000000f5759e18) thrown at [C:\re\workspace\8-2-build-windows-amd64-cygwin\jdk8u221\13320\hotspot\src\share\vm\prims\jni.cpp, line 710]
Event: 705.431 Thread 0x00000000199aa000 Exception <a 'sun/nio/fs/WindowsException'> (0x00000000f61e59a0) thrown at [C:\re\workspace\8-2-build-windows-amd64-cygwin\jdk8u221\13320\hotspot\src\share\vm\prims\jni.cpp, line 710]
Event: 705.585 Thread 0x00000000230ce800 Exception <a 'sun/nio/fs/WindowsException'> (0x00000000f889f568) thrown at [C:\re\workspace\8-2-build-windows-amd64-cygwin\jdk8u221\13320\hotspot\src\share\vm\prims\jni.cpp, line 710]
Event: 705.637 Thread 0x00000000199aa000 Exception <a 'sun/nio/fs/WindowsException'> (0x00000000f97b6420) thrown at [C:\re\workspace\8-2-build-windows-amd64-cygwin\jdk8u221\13320\hotspot\src\share\vm\prims\jni.cpp, line 710]
Event: 705.799 Thread 0x00000000230ce800 Exception <a 'sun/nio/fs/WindowsException'> (0x00000000fb5dc6c0) thrown at [C:\re\workspace\8-2-build-windows-amd64-cygwin\jdk8u221\13320\hotspot\src\share\vm\prims\jni.cpp, line 710]

Events (10 events):
Event: 705.892 Thread 0x00000000157c2000 flushing nmethod 0x000000000755b710
Event: 705.893 Thread 0x00000000157c2000 flushing nmethod 0x00000000075a5b90
Event: 705.893 Thread 0x00000000230cb800 Uncommon trap: trap_request=0xffffff65 fr.pc=0x0000000007b35454
Event: 705.893 Thread 0x00000000157c2000 flushing nmethod 0x0000000007619690
Event: 705.893 Thread 0x00000000230cb800 DEOPT PACKING pc=0x0000000007b35454 sp=0x00000000292fb300
Event: 705.893 Thread 0x00000000230cb800 DEOPT UNPACKING pc=0x0000000002aa583b sp=0x00000000292fb308 mode 2
Event: 705.893 Thread 0x00000000157c2000 flushing nmethod 0x0000000007781c90
Event: 705.908 Thread 0x00000000199aa000 DEOPT PACKING pc=0x00000000072a79dd sp=0x00000000282f84e0
Event: 705.908 Thread 0x00000000199aa000 DEOPT UNPACKING pc=0x0000000002aa7890 sp=0x00000000282f8408 mode 0
Event: 705.914 Executing VM operation: ParallelGCFailedAllocation


Dynamic libraries:
0x00007ff68e820000 - 0x00007ff68e857000 	C:\Program Files\Java\jdk1.8.0_221\bin\java.exe
0x00007ffaa7dd0000 - 0x00007ffaa7fab000 	C:\Windows\SYSTEM32\ntdll.dll
0x00007ffaa6f20000 - 0x00007ffaa6fce000 	C:\Windows\System32\KERNEL32.DLL
0x00007ffaa4bd0000 - 0x00007ffaa4e19000 	C:\Windows\System32\KERNELBASE.dll
0x00007ffaa7cc0000 - 0x00007ffaa7d61000 	C:\Windows\System32\ADVAPI32.dll
0x00007ffaa77a0000 - 0x00007ffaa783d000 	C:\Windows\System32\msvcrt.dll
0x00007ffaa7000000 - 0x00007ffaa7059000 	C:\Windows\System32\sechost.dll
0x00007ffaa7b90000 - 0x00007ffaa7cb5000 	C:\Windows\System32\RPCRT4.dll
0x00007ffaa7990000 - 0x00007ffaa7ada000 	C:\Windows\System32\USER32.dll
0x00007ffaa49f0000 - 0x00007ffaa4a0e000 	C:\Windows\System32\win32u.dll
0x00007ffaa69f0000 - 0x00007ffaa6a17000 	C:\Windows\System32\GDI32.dll
0x00007ffaa4ff0000 - 0x00007ffaa5179000 	C:\Windows\System32\gdi32full.dll
0x00007ffaa5290000 - 0x00007ffaa532a000 	C:\Windows\System32\msvcp_win.dll
0x00007ffaa4a10000 - 0x00007ffaa4b06000 	C:\Windows\System32\ucrtbase.dll
0x00007ffa94470000 - 0x00007ffa946d7000 	C:\Windows\WinSxS\amd64_microsoft.windows.common-controls_6595b64144ccf1df_6.0.15063.0_none_108e4f62dfe5d999\COMCTL32.dll
0x00007ffaa74a0000 - 0x00007ffaa7799000 	C:\Windows\System32\combase.dll
0x00007ffaa4b10000 - 0x00007ffaa4b7a000 	C:\Windows\System32\bcryptPrimitives.dll
0x00007ffaa69c0000 - 0x00007ffaa69ed000 	C:\Windows\System32\IMM32.DLL
0x0000000075280000 - 0x0000000075352000 	C:\Program Files\Java\jdk1.8.0_221\jre\bin\msvcr100.dll
0x00000000749d0000 - 0x0000000075275000 	C:\Program Files\Java\jdk1.8.0_221\jre\bin\server\jvm.dll
0x00007ffaa6ff0000 - 0x00007ffaa6ff8000 	C:\Windows\System32\PSAPI.DLL
0x00007ffaa28e0000 - 0x00007ffaa28e9000 	C:\Windows\SYSTEM32\WSOCK32.dll
0x00007ffaa7260000 - 0x00007ffaa72cc000 	C:\Windows\System32\WS2_32.dll
0x00007ffa96f30000 - 0x00007ffa96f53000 	C:\Windows\SYSTEM32\WINMM.dll
0x00007ffaa2670000 - 0x00007ffaa267a000 	C:\Windows\SYSTEM32\VERSION.dll
0x00007ffa96f00000 - 0x00007ffa96f2b000 	C:\Windows\SYSTEM32\WINMMBASE.dll
0x00007ffaa4b80000 - 0x00007ffaa4bc9000 	C:\Windows\System32\cfgmgr32.dll
0x00007ffaa0b50000 - 0x00007ffaa0b5f000 	C:\Program Files\Java\jdk1.8.0_221\jre\bin\verify.dll
0x00007ffaa0a80000 - 0x00007ffaa0aa9000 	C:\Program Files\Java\jdk1.8.0_221\jre\bin\java.dll
0x00007ffaa0a60000 - 0x00007ffaa0a76000 	C:\Program Files\Java\jdk1.8.0_221\jre\bin\zip.dll
0x00007ffaa5580000 - 0x00007ffaa69b7000 	C:\Windows\System32\SHELL32.dll
0x00007ffaa6a30000 - 0x00007ffaa6ada000 	C:\Windows\System32\shcore.dll
0x00007ffaa42f0000 - 0x00007ffaa49e2000 	C:\Windows\System32\windows.storage.dll
0x00007ffaa7d70000 - 0x00007ffaa7dc1000 	C:\Windows\System32\shlwapi.dll
0x00007ffaa4240000 - 0x00007ffaa4251000 	C:\Windows\System32\kernel.appcore.dll
0x00007ffaa4260000 - 0x00007ffaa42ac000 	C:\Windows\System32\powrprof.dll
0x00007ffaa42d0000 - 0x00007ffaa42e5000 	C:\Windows\System32\profapi.dll
0x00007ffa9e5c0000 - 0x00007ffa9e5da000 	C:\Program Files\Java\jdk1.8.0_221\jre\bin\net.dll
0x00007ffa9ad00000 - 0x00007ffa9aec8000 	C:\Windows\SYSTEM32\urlmon.dll
0x00007ffa9a300000 - 0x00007ffa9a586000 	C:\Windows\SYSTEM32\iertutil.dll
0x00007ffaa3960000 - 0x00007ffaa396b000 	C:\Windows\SYSTEM32\CRYPTBASE.DLL
0x00007ffaa37c0000 - 0x00007ffaa381c000 	C:\Windows\system32\mswsock.dll
0x00007ffa9e5a0000 - 0x00007ffa9e5b2000 	C:\Program Files\Java\jdk1.8.0_221\jre\bin\nio.dll
0x00007ffa9e570000 - 0x00007ffa9e596000 	C:\Users\dell\.gradle\native\29\windows-amd64\native-platform.dll
0x00007ffa9d190000 - 0x00007ffa9d19d000 	C:\Program Files\Java\jdk1.8.0_221\jre\bin\management.dll
0x00007ffaa3e00000 - 0x00007ffaa3e17000 	C:\Windows\SYSTEM32\CRYPTSP.dll
0x00007ffaa33e0000 - 0x00007ffaa3414000 	C:\Windows\system32\rsaenh.dll
0x00007ffaa4110000 - 0x00007ffaa4135000 	C:\Windows\SYSTEM32\bcrypt.dll
0x00007ffaa4140000 - 0x00007ffaa4169000 	C:\Windows\SYSTEM32\USERENV.dll
0x00007ffaa3560000 - 0x00007ffaa3597000 	C:\Windows\SYSTEM32\IPHLPAPI.DLL
0x00007ffaa6a20000 - 0x00007ffaa6a28000 	C:\Windows\System32\NSI.dll
0x00007ffa9e030000 - 0x00007ffa9e046000 	C:\Windows\SYSTEM32\dhcpcsvc6.DLL
0x00007ffa9dfd0000 - 0x00007ffa9dfea000 	C:\Windows\SYSTEM32\dhcpcsvc.DLL
0x00007ffaa3210000 - 0x00007ffaa3241000 	C:\Windows\SYSTEM32\ntmarta.dll
0x00007ffa9d070000 - 0x00007ffa9d08e000 	C:\Users\dell\AppData\Local\Temp\native-platform625184682381932888dir\native-platform.dll
0x00007ffaa1e20000 - 0x00007ffaa1e9e000 	C:\Windows\system32\apphelp.dll
0x00007ffaa3c50000 - 0x00007ffaa3df9000 	C:\Windows\SYSTEM32\dbghelp.dll

VM Arguments:
jvm_args: -XX:MaxMetaspaceSize=256m -XX:+HeapDumpOnOutOfMemoryError -Xms256m -Xmx512m -Dfile.encoding=windows-1252 -Duser.country=US -Duser.language=en -Duser.variant 
java_command: org.gradle.launcher.daemon.bootstrap.GradleDaemon 5.5
java_class_path (initial): C:\Users\dell\.gradle\wrapper\dists\gradle-5.5-all\byeise1led9a3w3p149d02kfj\gradle-5.5\lib\gradle-launcher-5.5.jar
Launcher Type: SUN_STANDARD

Environment Variables:
JAVA_HOME=C:\Program Files\Java\jdk1.8.0_221
CLASSPATH=C:\Users\dell\ReactNative\RNCLI\FundGuard\android\\gradle\wrapper\gradle-wrapper.jar
PATH=C:\Program Files (x86)\Common Files\Oracle\Java\javapath;C:\Program Files\AdoptOpenJDK\jdk-8.0.222.10-hotspot\bin;C:\Windows\system32;C:\Windows;C:\Windows\System32\Wbem;C:\Windows\System32\WindowsPowerShell\v1.0\;C:\Program Files\nodejs\;C:\Program Files (x86)\Yarn\bin\;C:\Users\dell\AppData\Local\Microsoft\WindowsApps;C:\Users\dell\AppData\Roaming\npm;C:\Users\dell\AppData\Local\Yarn\bin;C:\Users\dell\AppData\Local\GitHubDesktop\bin;C:\Users\dell\AppData\Local\Android\Sdk\platform-tools;C:\Users\dell\AppData\Local\atom\bin;C:\Users\dell\AppData\Local\Programs\Microsoft VS Code\bin
USERNAME=dell
OS=Windows_NT
PROCESSOR_IDENTIFIER=Intel64 Family 6 Model 142 Stepping 9, GenuineIntel



---------------  S Y S T E M  ---------------

OS: Windows 10.0 , 64 bit Build 15063 (10.0.15063.296)

CPU:total 4 (initial active 4) (2 cores per cpu, 2 threads per core) family 6 model 142 stepping 9, cmov, cx8, fxsr, mmx, sse, sse2, sse3, ssse3, sse4.1, sse4.2, popcnt, avx, avx2, aes, clmul, erms, 3dnowpref, lzcnt, ht, tsc, tscinvbit, bmi1, bmi2, adx

Memory: 4k page, physical 12477888k(7297040k free), swap 24765888k(19531320k free)

vm_info: Java HotSpot(TM) 64-Bit Server VM (25.221-b11) for windows-amd64 JRE (1.8.0_221-b11), built on Jul  4 2019 04:39:29 by "java_re" with MS VC++ 10.0 (VS2010)

time: Wed Nov 06 17:21:45 2019
timezone: India Standard Time
elapsed time: 706 seconds (0d 0h 11m 46s)

